Using pre-set license

 COMMAND LINE ARGUMENTS:
/Users/mac/Documents/2020.3.0f1/Unity.app/Contents/MacOS/Unity
-adb2
-batchMode
-noUpm
-name
AssetImportWorker1
-projectPath
/Users/mac/galleriaMenuSystem/UnityMenuSystem-master
-logFile
Logs/AssetImportWorker1.log
-srvPort
60343
Successfully changed project path to: /Users/mac/galleriaMenuSystem/UnityMenuSystem-master
/Users/mac/galleriaMenuSystem/UnityMenuSystem-master
Using Asset Import Pipeline V2.
Refreshing native plugins compatible for Editor in 65.83 ms, found 1 plugins.
Preloading 0 native plugins for Editor in 0.00 ms.
Initialize engine version: 2020.3.0f1 (c7b5465681fb)
[Subsystems] Discovering subsystems at path /Users/mac/Documents/2020.3.0f1/Unity.app/Contents/Resources/UnitySubsystems
[Subsystems] Discovering subsystems at path /Users/mac/galleriaMenuSystem/UnityMenuSystem-master/Assets
GfxDevice: creating device client; threaded=0
2022-03-17 18:35:43.144 Unity[8386:444906] Color LCD preferred device: Intel(R) Iris(TM) Graphics 6100 (low power)
2022-03-17 18:35:43.144 Unity[8386:444906] Metal devices available: 1
2022-03-17 18:35:43.144 Unity[8386:444906] 0: Intel(R) Iris(TM) Graphics 6100 (low power)
2022-03-17 18:35:43.150 Unity[8386:444906] Using device Intel(R) Iris(TM) Graphics 6100 (low power)
Initializing Metal device caps: Intel(R) Iris(TM) Graphics 6100
Initialize mono
Mono path[0] = '/Users/mac/Documents/2020.3.0f1/Unity.app/Contents/Managed'
Mono path[1] = '/Users/mac/Documents/2020.3.0f1/Unity.app/Contents/MonoBleedingEdge/lib/mono/unityjit'
Mono config path = '/Users/mac/Documents/2020.3.0f1/Unity.app/Contents/MonoBleedingEdge/etc'
Using monoOptions --debugger-agent=transport=dt_socket,embedding=1,server=y,suspend=n,address=127.0.0.1:56386
Begin MonoManager ReloadAssembly
Registering precompiled unity dll's ...
Register platform support module: /Users/mac/Documents/2020.3.0f1/PlaybackEngines/WebGLSupport/UnityEditor.WebGL.Extensions.dll
Register platform support module: /Users/mac/Documents/2020.3.0f1/Unity.app/Contents/PlaybackEngines/MacStandaloneSupport/UnityEditor.OSXStandalone.Extensions.dll
Registered in 0.003628 seconds.
Native extension for OSXStandalone target not found
Native extension for WebGL target not found
Refreshing native plugins compatible for Editor in 32.72 ms, found 1 plugins.
Preloading 0 native plugins for Editor in 0.00 ms.
Invoked RoslynAnalysisRunner static constructor.
RoslynAnalysisRunner will not be running.
RoslynAnalysisRunner has terminated.
Mono: successfully reloaded assembly
- Completed reload, in  9.176 seconds
Platform modules already initialized, skipping
Registering precompiled user dll's ...
Registered in 0.002823 seconds.
Begin MonoManager ReloadAssembly
Native extension for OSXStandalone target not found
Native extension for WebGL target not found
Refreshing native plugins compatible for Editor in 0.26 ms, found 1 plugins.
Preloading 0 native plugins for Editor in 0.00 ms.
Invoked RoslynAnalysisRunner static constructor.
RoslynAnalysisRunner will not be running.
RoslynAnalysisRunner has terminated.
Mono: successfully reloaded assembly
- Completed reload, in  1.329 seconds
Platform modules already initialized, skipping
========================================================================
Worker process is ready to serve import requests
Launching external process: /Users/mac/Documents/2020.3.0f1/Unity.app/Contents/Tools/UnityShaderCompiler
Launched and connected shader compiler UnityShaderCompiler after 0.03 seconds
Refreshing native plugins compatible for Editor in 0.29 ms, found 1 plugins.
Preloading 0 native plugins for Editor in 0.00 ms.
Unloading 1338 Unused Serialized files (Serialized files now loaded: 0)
System memory in use before: 134.5 MB.
System memory in use after: 134.5 MB.

Unloading 10 unused Assets to reduce memory usage. Loaded Objects now: 1780.
Total: 3.374218 ms (FindLiveObjects: 0.543736 ms CreateObjectMapping: 0.203563 ms MarkObjects: 2.540057 ms  DeleteObjects: 0.085276 ms)

========================================================================
Received Import Request.
  path: Assets/_Scenes/outer_logo_thick_1.png
  artifactKey: Guid(4970ff16989bf459d971f632978744e6) Importer(815301076,1909f56bfc062723c751e8b465ee728b)
Start importing Assets/_Scenes/outer_logo_thick_1.png using Guid(4970ff16989bf459d971f632978744e6) Importer(815301076,1909f56bfc062723c751e8b465ee728b)  -> (artifact id: '456b981a10d0993987d812d67f34ac78') in 1.252433 seconds
  Import took 1.256537 seconds .

